[ 2015-10-13T15:46:57+08:00 ] ::1 /pro/public_html/index.php
INFO: [ app_init ] --START--
INFO: Run Behavior\BuildLiteBehavior [ RunTime:0.000053s ]
INFO: [ app_init ] --END-- [ RunTime:0.000739s ]
INFO: [ app_begin ] --START--
INFO: Run Behavior\ReadHtmlCacheBehavior [ RunTime:0.008118s ]
INFO: [ app_begin ] --END-- [ RunTime:0.008308s ]
SQL: SHOW COLUMNS FROM `sk_category` [ RunTime:0.0039s ]
SQL: SELECT sk_category.id,`catename` FROM `sk_category` WHERE `pid` = 0 AND `versionid` = 1 ORDER BY id,sort asc  [ RunTime:0.0003s ]
SQL: SELECT * FROM `sk_category` WHERE `pid` = 1 AND `versionid` = 1 ORDER BY sort asc  [ RunTime:0.0003s ]
SQL: SELECT * FROM `sk_category` WHERE `pid` = 2 AND `versionid` = 1 ORDER BY sort asc  [ RunTime:0.0003s ]
SQL: SELECT * FROM `sk_category` WHERE `pid` = 3 AND `versionid` = 1 ORDER BY sort asc  [ RunTime:0.0003s ]
SQL: SELECT * FROM `sk_category` WHERE `pid` = 4 AND `versionid` = 1 ORDER BY sort asc  [ RunTime:0.0003s ]
SQL: SELECT * FROM `sk_category` WHERE `pid` = 5 AND `versionid` = 1 ORDER BY sort asc  [ RunTime:0.0003s ]
SQL: SELECT * FROM `sk_category` WHERE `pid` = 6 AND `versionid` = 1 ORDER BY sort asc  [ RunTime:0.0003s ]
SQL: SELECT * FROM `sk_category` WHERE `pid` = 7 AND `versionid` = 1 ORDER BY sort asc  [ RunTime:0.0003s ]
SQL: SELECT * FROM `sk_category` WHERE `pid` = 8 AND `versionid` = 1 ORDER BY sort asc  [ RunTime:0.0004s ]
SQL: SELECT * FROM `sk_category` WHERE `pid` = 9 AND `versionid` = 1 ORDER BY sort asc  [ RunTime:0.0003s ]
SQL: SHOW COLUMNS FROM `sk_config` [ RunTime:0.0036s ]
SQL: SELECT `fieldvalue` FROM `sk_config` WHERE `title` = '网站关键字' AND `fieldname` = 'keyword' AND `versionid` = 1 LIMIT 1   [ RunTime:0.0008s ]
SQL: SELECT `fieldvalue` FROM `sk_config` WHERE `title` = '网站描述' AND `fieldname` = 'des' AND `versionid` = 1 LIMIT 1   [ RunTime:0.0004s ]
SQL: SHOW COLUMNS FROM `sk_pics` [ RunTime:0.0040s ]
SQL: SELECT * FROM `sk_pics` WHERE `title` LIKE '%logo%' AND `status` = 1 AND `versionid` = 1 ORDER BY id desc LIMIT 1   [ RunTime:0.0005s ]
SQL: SHOW COLUMNS FROM `sk_shuffling` [ RunTime:0.0069s ]
SQL: SELECT * FROM `sk_shuffling` WHERE `status` = 1 AND `versionid` = 1 ORDER BY createtime desc LIMIT 4   [ RunTime:0.0004s ]
SQL: SELECT * FROM `sk_pics` WHERE `versionid` = 1 AND `status` = 1 AND `title` LIKE '%静%' ORDER BY id desc LIMIT 9   [ RunTime:0.0004s ]
NOTIC: [8] Undefined index: pid D:\WampServer2\www\pro\WEBSITE\#WEB#\Home\Controller\CommonController.class.php 第 109 行.
SQL: SELECT * FROM `sk_category` WHERE ( id=1 ) LIMIT 1   [ RunTime:0.0003s ]
SQL: SELECT * FROM `sk_category` WHERE ( pid=1 ) LIMIT 1   [ RunTime:0.0003s ]
SQL: SHOW COLUMNS FROM `sk_article` [ RunTime:0.0049s ]
SQL: SELECT * FROM `sk_article` WHERE ( cateid=10 ) ORDER BY sort desc LIMIT 1   [ RunTime:0.0006s ]
SQL: SELECT `catename` FROM `sk_category` WHERE ( id=7 )  [ RunTime:0.0003s ]
SQL: SELECT * FROM `sk_article` WHERE `status` = 1 AND `cateid` = 22 ORDER BY id desc,istop desc LIMIT 4   [ RunTime:0.0016s ]
SQL: SELECT `catename` FROM `sk_category` WHERE `id` = 16 AND `versionid` = 1  [ RunTime:0.0002s ]
SQL: SELECT * FROM `sk_article` WHERE `status` = 1 AND `versionid` = 1 AND `cateid` = 16 ORDER BY id desc,istop desc LIMIT 4   [ RunTime:0.0005s ]
SQL: SELECT `catename` FROM `sk_category` WHERE `id` = 8 AND `versionid` = 1 LIMIT 1   [ RunTime:0.0002s ]
SQL: SELECT * FROM `sk_article` WHERE `cateid` = 23 AND `status` = 1 AND `versionid` = 1 ORDER BY id desc,istop desc LIMIT 6   [ RunTime:0.0006s ]
SQL: SELECT `catename` FROM `sk_category` WHERE `id` = 2 AND `versionid` = 1 LIMIT 1   [ RunTime:0.0003s ]
SQL: SELECT * FROM `sk_article` WHERE `cateid` = 13 AND `status` = 1 AND `versionid` = 1 ORDER BY id desc,istop desc LIMIT 6   [ RunTime:0.0006s ]
SQL: SELECT `catename` FROM `sk_category` WHERE `id` = 5 AND `versionid` = 1 LIMIT 1   [ RunTime:0.0002s ]
SQL: SELECT * FROM `sk_article` WHERE `cateid` = 19 AND `status` = 1 AND `versionid` = 1 ORDER BY id desc,istop desc LIMIT 6   [ RunTime:0.0009s ]
INFO: [ view_parse ] --START--
NOTIC: [8192] preg_replace(): The /e modifier is deprecated, use preg_replace_callback instead D:\WampServer2\www\pro\Tpcore\#CORE#\Library\Think\Template.class.php 第 188 行.
NOTIC: [8192] preg_replace(): The /e modifier is deprecated, use preg_replace_callback instead D:\WampServer2\www\pro\Tpcore\#CORE#\Library\Think\Template.class.php 第 188 行.
NOTIC: [8192] preg_replace(): The /e modifier is deprecated, use preg_replace_callback instead D:\WampServer2\www\pro\Tpcore\#CORE#\Library\Think\Template.class.php 第 188 行.
NOTIC: [8192] preg_replace(): The /e modifier is deprecated, use preg_replace_callback instead D:\WampServer2\www\pro\Tpcore\#CORE#\Library\Think\Template.class.php 第 188 行.
NOTIC: [8192] preg_replace(): The /e modifier is deprecated, use preg_replace_callback instead D:\WampServer2\www\pro\Tpcore\#CORE#\Library\Think\Template.class.php 第 188 行.
NOTIC: [8192] preg_replace(): The /e modifier is deprecated, use preg_replace_callback instead D:\WampServer2\www\pro\Tpcore\#CORE#\Library\Think\Template.class.php 第 188 行.
NOTIC: [8192] preg_replace(): The /e modifier is deprecated, use preg_replace_callback instead D:\WampServer2\www\pro\Tpcore\#CORE#\Library\Think\Template.class.php 第 188 行.
NOTIC: [8192] preg_replace(): The /e modifier is deprecated, use preg_replace_callback instead D:\WampServer2\www\pro\Tpcore\#CORE#\Library\Think\Template.class.php 第 188 行.
NOTIC: [8192] preg_replace(): The /e modifier is deprecated, use preg_replace_callback instead D:\WampServer2\www\pro\Tpcore\#CORE#\Library\Think\Template.class.php 第 188 行.
NOTIC: [8192] preg_replace(): The /e modifier is deprecated, use preg_replace_callback instead D:\WampServer2\www\pro\Tpcore\#CORE#\Library\Think\Template.class.php 第 188 行.
NOTIC: [8192] preg_replace(): The /e modifier is deprecated, use preg_replace_callback instead D:\WampServer2\www\pro\Tpcore\#CORE#\Library\Think\Template.class.php 第 188 行.
NOTIC: [8192] preg_replace(): The /e modifier is deprecated, use preg_replace_callback instead D:\WampServer2\www\pro\Tpcore\#CORE#\Library\Think\Template.class.php 第 188 行.
INFO: [ template_filter ] --START--
INFO: Run Behavior\ContentReplaceBehavior [ RunTime:0.000183s ]
INFO: [ template_filter ] --END-- [ RunTime:0.000290s ]
NOTIC: [8] Undefined variable: keyword D:\WampServer2\www\pro\WEBSITE\#CACHE#\Cache\Home\6542ee7a01beb447d60b9332de9118dd.php 第 36 行.
INFO: Run Behavior\ParseTemplateBehavior [ RunTime:0.161729s ]
INFO: [ view_parse ] --END-- [ RunTime:0.161921s ]
INFO: [ view_filter ] --START--
INFO: Run Behavior\WriteHtmlCacheBehavior [ RunTime:0.010477s ]
INFO: [ view_filter ] --END-- [ RunTime:0.010624s ]
INFO: [ app_end ] --START--
INFO: Run Behavior\ShowPageTraceBehavior [ RunTime:0.016224s ]
INFO: [ app_end ] --END-- [ RunTime:0.016427s ]

[ 2015-10-13T15:47:03+08:00 ] ::1 /pro/public_html/index.php?m=Home&c=Index&a=index&versionid=2
INFO: [ app_init ] --START--
INFO: Run Behavior\BuildLiteBehavior [ RunTime:0.000045s ]
INFO: [ app_init ] --END-- [ RunTime:0.000869s ]
INFO: [ app_begin ] --START--
INFO: Run Behavior\ReadHtmlCacheBehavior [ RunTime:0.000731s ]
INFO: [ app_begin ] --END-- [ RunTime:0.000873s ]
SQL: SHOW COLUMNS FROM `sk_category` [ RunTime:0.0037s ]
SQL: SELECT sk_category.id,`catename` FROM `sk_category` WHERE `pid` = 0 AND `versionid` = 2 ORDER BY id,sort asc  [ RunTime:0.0003s ]
SQL: SELECT * FROM `sk_category` WHERE `pid` = 26 AND `versionid` = 2 ORDER BY sort asc  [ RunTime:0.0003s ]
SQL: SELECT * FROM `sk_category` WHERE `pid` = 27 AND `versionid` = 2 ORDER BY sort asc  [ RunTime:0.0003s ]
SQL: SELECT * FROM `sk_category` WHERE `pid` = 28 AND `versionid` = 2 ORDER BY sort asc  [ RunTime:0.0003s ]
SQL: SELECT * FROM `sk_category` WHERE `pid` = 29 AND `versionid` = 2 ORDER BY sort asc  [ RunTime:0.0004s ]
SQL: SELECT * FROM `sk_category` WHERE `pid` = 30 AND `versionid` = 2 ORDER BY sort asc  [ RunTime:0.0004s ]
SQL: SELECT * FROM `sk_category` WHERE `pid` = 31 AND `versionid` = 2 ORDER BY sort asc  [ RunTime:0.0004s ]
SQL: SELECT * FROM `sk_category` WHERE `pid` = 32 AND `versionid` = 2 ORDER BY sort asc  [ RunTime:0.0003s ]
SQL: SELECT * FROM `sk_category` WHERE `pid` = 33 AND `versionid` = 2 ORDER BY sort asc  [ RunTime:0.0003s ]
SQL: SELECT * FROM `sk_category` WHERE `pid` = 34 AND `versionid` = 2 ORDER BY sort asc  [ RunTime:0.0003s ]
SQL: SHOW COLUMNS FROM `sk_config` [ RunTime:0.0043s ]
SQL: SELECT `fieldvalue` FROM `sk_config` WHERE `title` = '网站关键字' AND `fieldname` = 'keyword' AND `versionid` = 2 LIMIT 1   [ RunTime:0.0003s ]
SQL: SELECT `fieldvalue` FROM `sk_config` WHERE `title` = '网站描述' AND `fieldname` = 'des' AND `versionid` = 2 LIMIT 1   [ RunTime:0.0002s ]
SQL: SHOW COLUMNS FROM `sk_pics` [ RunTime:0.0041s ]
SQL: SELECT * FROM `sk_pics` WHERE `title` LIKE '%logo%' AND `status` = 1 AND `versionid` = 2 ORDER BY id desc LIMIT 1   [ RunTime:0.0003s ]
SQL: SHOW COLUMNS FROM `sk_shuffling` [ RunTime:0.0058s ]
SQL: SELECT * FROM `sk_shuffling` WHERE `status` = 1 AND `versionid` = 2 ORDER BY createtime desc LIMIT 4   [ RunTime:0.0009s ]
SQL: SELECT * FROM `sk_pics` WHERE `versionid` = 2 AND `status` = 1 AND `title` LIKE '%静%' ORDER BY id desc LIMIT 9   [ RunTime:0.0004s ]
NOTIC: [8] Undefined index: pid D:\WampServer2\www\pro\WEBSITE\#WEB#\Home\Controller\CommonController.class.php 第 109 行.
SQL: SELECT * FROM `sk_category` WHERE ( id=26 ) LIMIT 1   [ RunTime:0.0002s ]
SQL: SELECT * FROM `sk_category` WHERE ( pid=26 ) LIMIT 1   [ RunTime:0.0002s ]
SQL: SHOW COLUMNS FROM `sk_article` [ RunTime:0.0034s ]
SQL: SELECT * FROM `sk_article` WHERE ( cateid=35 ) ORDER BY sort desc LIMIT 1   [ RunTime:0.0005s ]
SQL: SELECT `catename` FROM `sk_category` WHERE ( id=32 )  [ RunTime:0.0002s ]
SQL: SELECT * FROM `sk_article` WHERE `status` = 1 AND `cateid` = 47 ORDER BY id desc,istop desc LIMIT 4   [ RunTime:0.0004s ]
SQL: SELECT `catename` FROM `sk_category` WHERE `id` = 41 AND `versionid` = 2  [ RunTime:0.0002s ]
SQL: SELECT * FROM `sk_article` WHERE `status` = 1 AND `versionid` = 2 AND `cateid` = 41 ORDER BY id desc,istop desc LIMIT 4   [ RunTime:0.0007s ]
SQL: SELECT `catename` FROM `sk_category` WHERE `id` = 33 AND `versionid` = 2 LIMIT 1   [ RunTime:0.0002s ]
SQL: SELECT * FROM `sk_article` WHERE `cateid` = 48 AND `status` = 1 AND `versionid` = 2 ORDER BY id desc,istop desc LIMIT 6   [ RunTime:0.0005s ]
SQL: SELECT `catename` FROM `sk_category` WHERE `id` = 27 AND `versionid` = 2 LIMIT 1   [ RunTime:0.0002s ]
SQL: SELECT * FROM `sk_article` WHERE `cateid` = 38 AND `status` = 1 AND `versionid` = 2 ORDER BY id desc,istop desc LIMIT 6   [ RunTime:0.0005s ]
SQL: SELECT `catename` FROM `sk_category` WHERE `id` = 30 AND `versionid` = 2 LIMIT 1   [ RunTime:0.0004s ]
SQL: SELECT * FROM `sk_article` WHERE `cateid` = 44 AND `status` = 1 AND `versionid` = 2 ORDER BY id desc,istop desc LIMIT 6   [ RunTime:0.0011s ]
INFO: [ view_parse ] --START--
NOTIC: [8192] preg_replace(): The /e modifier is deprecated, use preg_replace_callback instead D:\WampServer2\www\pro\Tpcore\#CORE#\Library\Think\Template.class.php 第 188 行.
NOTIC: [8192] preg_replace(): The /e modifier is deprecated, use preg_replace_callback instead D:\WampServer2\www\pro\Tpcore\#CORE#\Library\Think\Template.class.php 第 188 行.
NOTIC: [8192] preg_replace(): The /e modifier is deprecated, use preg_replace_callback instead D:\WampServer2\www\pro\Tpcore\#CORE#\Library\Think\Template.class.php 第 188 行.
NOTIC: [8192] preg_replace(): The /e modifier is deprecated, use preg_replace_callback instead D:\WampServer2\www\pro\Tpcore\#CORE#\Library\Think\Template.class.php 第 188 行.
NOTIC: [8192] preg_replace(): The /e modifier is deprecated, use preg_replace_callback instead D:\WampServer2\www\pro\Tpcore\#CORE#\Library\Think\Template.class.php 第 188 行.
NOTIC: [8192] preg_replace(): The /e modifier is deprecated, use preg_replace_callback instead D:\WampServer2\www\pro\Tpcore\#CORE#\Library\Think\Template.class.php 第 188 行.
NOTIC: [8192] preg_replace(): The /e modifier is deprecated, use preg_replace_callback instead D:\WampServer2\www\pro\Tpcore\#CORE#\Library\Think\Template.class.php 第 188 行.
NOTIC: [8192] preg_replace(): The /e modifier is deprecated, use preg_replace_callback instead D:\WampServer2\www\pro\Tpcore\#CORE#\Library\Think\Template.class.php 第 188 行.
NOTIC: [8192] preg_replace(): The /e modifier is deprecated, use preg_replace_callback instead D:\WampServer2\www\pro\Tpcore\#CORE#\Library\Think\Template.class.php 第 188 行.
NOTIC: [8192] preg_replace(): The /e modifier is deprecated, use preg_replace_callback instead D:\WampServer2\www\pro\Tpcore\#CORE#\Library\Think\Template.class.php 第 188 行.
NOTIC: [8192] preg_replace(): The /e modifier is deprecated, use preg_replace_callback instead D:\WampServer2\www\pro\Tpcore\#CORE#\Library\Think\Template.class.php 第 188 行.
NOTIC: [8192] preg_replace(): The /e modifier is deprecated, use preg_replace_callback instead D:\WampServer2\www\pro\Tpcore\#CORE#\Library\Think\Template.class.php 第 188 行.
INFO: [ template_filter ] --START--
INFO: Run Behavior\ContentReplaceBehavior [ RunTime:0.001280s ]
INFO: [ template_filter ] --END-- [ RunTime:0.001620s ]
NOTIC: [8] Undefined variable: keyword D:\WampServer2\www\pro\WEBSITE\#CACHE#\Cache\Home\6542ee7a01beb447d60b9332de9118dd.php 第 36 行.
INFO: Run Behavior\ParseTemplateBehavior [ RunTime:0.089667s ]
INFO: [ view_parse ] --END-- [ RunTime:0.089877s ]
INFO: [ view_filter ] --START--
INFO: Run Behavior\WriteHtmlCacheBehavior [ RunTime:0.000642s ]
INFO: [ view_filter ] --END-- [ RunTime:0.000744s ]
INFO: [ app_end ] --START--
INFO: Run Behavior\ShowPageTraceBehavior [ RunTime:0.003014s ]
INFO: [ app_end ] --END-- [ RunTime:0.003655s ]

[ 2015-10-13T15:47:12+08:00 ] ::1 /pro/public_html/index.php?m=Home&c=Index&a=index&versionid=1
INFO: [ app_init ] --START--
INFO: Run Behavior\BuildLiteBehavior [ RunTime:0.000039s ]
INFO: [ app_init ] --END-- [ RunTime:0.000680s ]
INFO: [ app_begin ] --START--
INFO: Run Behavior\ReadHtmlCacheBehavior [ RunTime:0.000813s ]
INFO: [ app_begin ] --END-- [ RunTime:0.000942s ]
SQL: SHOW COLUMNS FROM `sk_category` [ RunTime:0.0037s ]
SQL: SELECT sk_category.id,`catename` FROM `sk_category` WHERE `pid` = 0 AND `versionid` = 1 ORDER BY id,sort asc  [ RunTime:0.0004s ]
SQL: SELECT * FROM `sk_category` WHERE `pid` = 1 AND `versionid` = 1 ORDER BY sort asc  [ RunTime:0.0003s ]
SQL: SELECT * FROM `sk_category` WHERE `pid` = 2 AND `versionid` = 1 ORDER BY sort asc  [ RunTime:0.0003s ]
SQL: SELECT * FROM `sk_category` WHERE `pid` = 3 AND `versionid` = 1 ORDER BY sort asc  [ RunTime:0.0003s ]
SQL: SELECT * FROM `sk_category` WHERE `pid` = 4 AND `versionid` = 1 ORDER BY sort asc  [ RunTime:0.0003s ]
SQL: SELECT * FROM `sk_category` WHERE `pid` = 5 AND `versionid` = 1 ORDER BY sort asc  [ RunTime:0.0003s ]
SQL: SELECT * FROM `sk_category` WHERE `pid` = 6 AND `versionid` = 1 ORDER BY sort asc  [ RunTime:0.0003s ]
SQL: SELECT * FROM `sk_category` WHERE `pid` = 7 AND `versionid` = 1 ORDER BY sort asc  [ RunTime:0.0004s ]
SQL: SELECT * FROM `sk_category` WHERE `pid` = 8 AND `versionid` = 1 ORDER BY sort asc  [ RunTime:0.0004s ]
SQL: SELECT * FROM `sk_category` WHERE `pid` = 9 AND `versionid` = 1 ORDER BY sort asc  [ RunTime:0.0004s ]
SQL: SHOW COLUMNS FROM `sk_config` [ RunTime:0.0042s ]
SQL: SELECT `fieldvalue` FROM `sk_config` WHERE `title` = '网站关键字' AND `fieldname` = 'keyword' AND `versionid` = 1 LIMIT 1   [ RunTime:0.0003s ]
SQL: SELECT `fieldvalue` FROM `sk_config` WHERE `title` = '网站描述' AND `fieldname` = 'des' AND `versionid` = 1 LIMIT 1   [ RunTime:0.0002s ]
SQL: SHOW COLUMNS FROM `sk_pics` [ RunTime:0.0035s ]
SQL: SELECT * FROM `sk_pics` WHERE `title` LIKE '%logo%' AND `status` = 1 AND `versionid` = 1 ORDER BY id desc LIMIT 1   [ RunTime:0.0004s ]
SQL: SHOW COLUMNS FROM `sk_shuffling` [ RunTime:0.0036s ]
SQL: SELECT * FROM `sk_shuffling` WHERE `status` = 1 AND `versionid` = 1 ORDER BY createtime desc LIMIT 4   [ RunTime:0.0003s ]
SQL: SELECT * FROM `sk_pics` WHERE `versionid` = 1 AND `status` = 1 AND `title` LIKE '%静%' ORDER BY id desc LIMIT 9   [ RunTime:0.0004s ]
NOTIC: [8] Undefined index: pid D:\WampServer2\www\pro\WEBSITE\#WEB#\Home\Controller\CommonController.class.php 第 109 行.
SQL: SELECT * FROM `sk_category` WHERE ( id=1 ) LIMIT 1   [ RunTime:0.0002s ]
SQL: SELECT * FROM `sk_category` WHERE ( pid=1 ) LIMIT 1   [ RunTime:0.0002s ]
SQL: SHOW COLUMNS FROM `sk_article` [ RunTime:0.0042s ]
SQL: SELECT * FROM `sk_article` WHERE ( cateid=10 ) ORDER BY sort desc LIMIT 1   [ RunTime:0.0007s ]
SQL: SELECT `catename` FROM `sk_category` WHERE ( id=7 )  [ RunTime:0.0003s ]
SQL: SELECT * FROM `sk_article` WHERE `status` = 1 AND `cateid` = 22 ORDER BY id desc,istop desc LIMIT 4   [ RunTime:0.0006s ]
SQL: SELECT `catename` FROM `sk_category` WHERE `id` = 16 AND `versionid` = 1  [ RunTime:0.0003s ]
SQL: SELECT * FROM `sk_article` WHERE `status` = 1 AND `versionid` = 1 AND `cateid` = 16 ORDER BY id desc,istop desc LIMIT 4   [ RunTime:0.0006s ]
SQL: SELECT `catename` FROM `sk_category` WHERE `id` = 8 AND `versionid` = 1 LIMIT 1   [ RunTime:0.0003s ]
SQL: SELECT * FROM `sk_article` WHERE `cateid` = 23 AND `status` = 1 AND `versionid` = 1 ORDER BY id desc,istop desc LIMIT 6   [ RunTime:0.0006s ]
SQL: SELECT `catename` FROM `sk_category` WHERE `id` = 2 AND `versionid` = 1 LIMIT 1   [ RunTime:0.0002s ]
SQL: SELECT * FROM `sk_article` WHERE `cateid` = 13 AND `status` = 1 AND `versionid` = 1 ORDER BY id desc,istop desc LIMIT 6   [ RunTime:0.0008s ]
SQL: SELECT `catename` FROM `sk_category` WHERE `id` = 5 AND `versionid` = 1 LIMIT 1   [ RunTime:0.0007s ]
SQL: SELECT * FROM `sk_article` WHERE `cateid` = 19 AND `status` = 1 AND `versionid` = 1 ORDER BY id desc,istop desc LIMIT 6   [ RunTime:0.0006s ]
INFO: [ view_parse ] --START--
NOTIC: [8192] preg_replace(): The /e modifier is deprecated, use preg_replace_callback instead D:\WampServer2\www\pro\Tpcore\#CORE#\Library\Think\Template.class.php 第 188 行.
NOTIC: [8192] preg_replace(): The /e modifier is deprecated, use preg_replace_callback instead D:\WampServer2\www\pro\Tpcore\#CORE#\Library\Think\Template.class.php 第 188 行.
NOTIC: [8192] preg_replace(): The /e modifier is deprecated, use preg_replace_callback instead D:\WampServer2\www\pro\Tpcore\#CORE#\Library\Think\Template.class.php 第 188 行.
NOTIC: [8192] preg_replace(): The /e modifier is deprecated, use preg_replace_callback instead D:\WampServer2\www\pro\Tpcore\#CORE#\Library\Think\Template.class.php 第 188 行.
NOTIC: [8192] preg_replace(): The /e modifier is deprecated, use preg_replace_callback instead D:\WampServer2\www\pro\Tpcore\#CORE#\Library\Think\Template.class.php 第 188 行.
NOTIC: [8192] preg_replace(): The /e modifier is deprecated, use preg_replace_callback instead D:\WampServer2\www\pro\Tpcore\#CORE#\Library\Think\Template.class.php 第 188 行.
NOTIC: [8192] preg_replace(): The /e modifier is deprecated, use preg_replace_callback instead D:\WampServer2\www\pro\Tpcore\#CORE#\Library\Think\Template.class.php 第 188 行.
NOTIC: [8192] preg_replace(): The /e modifier is deprecated, use preg_replace_callback instead D:\WampServer2\www\pro\Tpcore\#CORE#\Library\Think\Template.class.php 第 188 行.
NOTIC: [8192] preg_replace(): The /e modifier is deprecated, use preg_replace_callback instead D:\WampServer2\www\pro\Tpcore\#CORE#\Library\Think\Template.class.php 第 188 行.
NOTIC: [8192] preg_replace(): The /e modifier is deprecated, use preg_replace_callback instead D:\WampServer2\www\pro\Tpcore\#CORE#\Library\Think\Template.class.php 第 188 行.
NOTIC: [8192] preg_replace(): The /e modifier is deprecated, use preg_replace_callback instead D:\WampServer2\www\pro\Tpcore\#CORE#\Library\Think\Template.class.php 第 188 行.
NOTIC: [8192] preg_replace(): The /e modifier is deprecated, use preg_replace_callback instead D:\WampServer2\www\pro\Tpcore\#CORE#\Library\Think\Template.class.php 第 188 行.
INFO: [ template_filter ] --START--
INFO: Run Behavior\ContentReplaceBehavior [ RunTime:0.000184s ]
INFO: [ template_filter ] --END-- [ RunTime:0.000292s ]
NOTIC: [8] Undefined variable: keyword D:\WampServer2\www\pro\WEBSITE\#CACHE#\Cache\Home\6542ee7a01beb447d60b9332de9118dd.php 第 36 行.
INFO: Run Behavior\ParseTemplateBehavior [ RunTime:0.045631s ]
INFO: [ view_parse ] --END-- [ RunTime:0.045789s ]
INFO: [ view_filter ] --START--
INFO: Run Behavior\WriteHtmlCacheBehavior [ RunTime:0.000653s ]
INFO: [ view_filter ] --END-- [ RunTime:0.000756s ]
INFO: [ app_end ] --START--
INFO: Run Behavior\ShowPageTraceBehavior [ RunTime:0.001709s ]
INFO: [ app_end ] --END-- [ RunTime:0.001924s ]

[ 2015-10-13T15:48:48+08:00 ] ::1 /pro/public_html/index.php?m=Home&c=Index&a=index&versionid=1
INFO: [ app_init ] --START--
INFO: Run Behavior\BuildLiteBehavior [ RunTime:0.000037s ]
INFO: [ app_init ] --END-- [ RunTime:0.000768s ]
INFO: [ app_begin ] --START--
INFO: Run Behavior\ReadHtmlCacheBehavior [ RunTime:0.001172s ]
INFO: [ app_begin ] --END-- [ RunTime:0.001338s ]
SQL: SHOW COLUMNS FROM `sk_category` [ RunTime:0.0036s ]
SQL: SELECT sk_category.id,`catename` FROM `sk_category` WHERE `pid` = 0 AND `versionid` = 1 ORDER BY id,sort asc  [ RunTime:0.0003s ]
SQL: SELECT * FROM `sk_category` WHERE `pid` = 1 AND `versionid` = 1 ORDER BY sort asc  [ RunTime:0.0003s ]
SQL: SELECT * FROM `sk_category` WHERE `pid` = 2 AND `versionid` = 1 ORDER BY sort asc  [ RunTime:0.0003s ]
SQL: SELECT * FROM `sk_category` WHERE `pid` = 3 AND `versionid` = 1 ORDER BY sort asc  [ RunTime:0.0004s ]
SQL: SELECT * FROM `sk_category` WHERE `pid` = 4 AND `versionid` = 1 ORDER BY sort asc  [ RunTime:0.0004s ]
SQL: SELECT * FROM `sk_category` WHERE `pid` = 5 AND `versionid` = 1 ORDER BY sort asc  [ RunTime:0.0004s ]
SQL: SELECT * FROM `sk_category` WHERE `pid` = 6 AND `versionid` = 1 ORDER BY sort asc  [ RunTime:0.0004s ]
SQL: SELECT * FROM `sk_category` WHERE `pid` = 7 AND `versionid` = 1 ORDER BY sort asc  [ RunTime:0.0004s ]
SQL: SELECT * FROM `sk_category` WHERE `pid` = 8 AND `versionid` = 1 ORDER BY sort asc  [ RunTime:0.0004s ]
SQL: SELECT * FROM `sk_category` WHERE `pid` = 9 AND `versionid` = 1 ORDER BY sort asc  [ RunTime:0.0004s ]
SQL: SHOW COLUMNS FROM `sk_config` [ RunTime:0.0050s ]
SQL: SELECT `fieldvalue` FROM `sk_config` WHERE `title` = '网站关键字' AND `fieldname` = 'keyword' AND `versionid` = 1 LIMIT 1   [ RunTime:0.0003s ]
SQL: SELECT `fieldvalue` FROM `sk_config` WHERE `title` = '网站描述' AND `fieldname` = 'des' AND `versionid` = 1 LIMIT 1   [ RunTime:0.0004s ]
SQL: SHOW COLUMNS FROM `sk_pics` [ RunTime:0.0045s ]
SQL: SELECT * FROM `sk_pics` WHERE `title` LIKE '%logo%' AND `status` = 1 AND `versionid` = 1 ORDER BY id desc LIMIT 1   [ RunTime:0.0004s ]
SQL: SHOW COLUMNS FROM `sk_shuffling` [ RunTime:0.0041s ]
SQL: SELECT * FROM `sk_shuffling` WHERE `status` = 1 AND `versionid` = 1 ORDER BY createtime desc LIMIT 4   [ RunTime:0.0003s ]
SQL: SELECT * FROM `sk_pics` WHERE `versionid` = 1 AND `status` = 1 AND `title` LIKE '%静%' ORDER BY id desc LIMIT 9   [ RunTime:0.0004s ]
NOTIC: [8] Undefined index: pid D:\WampServer2\www\pro\WEBSITE\#WEB#\Home\Controller\CommonController.class.php 第 109 行.
SQL: SELECT * FROM `sk_category` WHERE ( id=1 ) LIMIT 1   [ RunTime:0.0002s ]
SQL: SELECT * FROM `sk_category` WHERE ( pid=1 ) LIMIT 1   [ RunTime:0.0002s ]
SQL: SHOW COLUMNS FROM `sk_article` [ RunTime:0.0034s ]
SQL: SELECT * FROM `sk_article` WHERE ( cateid=10 ) ORDER BY sort desc LIMIT 1   [ RunTime:0.0006s ]
SQL: SELECT `catename` FROM `sk_category` WHERE ( id=7 )  [ RunTime:0.0002s ]
SQL: SELECT * FROM `sk_article` WHERE `status` = 1 AND `cateid` = 22 ORDER BY id desc,istop desc LIMIT 4   [ RunTime:0.0006s ]
SQL: SELECT `catename` FROM `sk_category` WHERE `id` = 16 AND `versionid` = 1  [ RunTime:0.0002s ]
SQL: SELECT * FROM `sk_article` WHERE `status` = 1 AND `versionid` = 1 AND `cateid` = 16 ORDER BY id desc,istop desc LIMIT 4   [ RunTime:0.0004s ]
SQL: SELECT `catename` FROM `sk_category` WHERE `id` = 8 AND `versionid` = 1 LIMIT 1   [ RunTime:0.0002s ]
SQL: SELECT * FROM `sk_article` WHERE `cateid` = 23 AND `status` = 1 AND `versionid` = 1 ORDER BY id desc,istop desc LIMIT 6   [ RunTime:0.0005s ]
SQL: SELECT `catename` FROM `sk_category` WHERE `id` = 2 AND `versionid` = 1 LIMIT 1   [ RunTime:0.0002s ]
SQL: SELECT * FROM `sk_article` WHERE `cateid` = 13 AND `status` = 1 AND `versionid` = 1 ORDER BY id desc,istop desc LIMIT 6   [ RunTime:0.0007s ]
SQL: SELECT `catename` FROM `sk_category` WHERE `id` = 5 AND `versionid` = 1 LIMIT 1   [ RunTime:0.0004s ]
SQL: SELECT * FROM `sk_article` WHERE `cateid` = 19 AND `status` = 1 AND `versionid` = 1 ORDER BY id desc,istop desc LIMIT 6   [ RunTime:0.0006s ]
INFO: [ view_parse ] --START--
NOTIC: [8192] preg_replace(): The /e modifier is deprecated, use preg_replace_callback instead D:\WampServer2\www\pro\Tpcore\#CORE#\Library\Think\Template.class.php 第 188 行.
NOTIC: [8192] preg_replace(): The /e modifier is deprecated, use preg_replace_callback instead D:\WampServer2\www\pro\Tpcore\#CORE#\Library\Think\Template.class.php 第 188 行.
NOTIC: [8192] preg_replace(): The /e modifier is deprecated, use preg_replace_callback instead D:\WampServer2\www\pro\Tpcore\#CORE#\Library\Think\Template.class.php 第 188 行.
NOTIC: [8192] preg_replace(): The /e modifier is deprecated, use preg_replace_callback instead D:\WampServer2\www\pro\Tpcore\#CORE#\Library\Think\Template.class.php 第 188 行.
NOTIC: [8192] preg_replace(): The /e modifier is deprecated, use preg_replace_callback instead D:\WampServer2\www\pro\Tpcore\#CORE#\Library\Think\Template.class.php 第 188 行.
NOTIC: [8192] preg_replace(): The /e modifier is deprecated, use preg_replace_callback instead D:\WampServer2\www\pro\Tpcore\#CORE#\Library\Think\Template.class.php 第 188 行.
NOTIC: [8192] preg_replace(): The /e modifier is deprecated, use preg_replace_callback instead D:\WampServer2\www\pro\Tpcore\#CORE#\Library\Think\Template.class.php 第 188 行.
NOTIC: [8192] preg_replace(): The /e modifier is deprecated, use preg_replace_callback instead D:\WampServer2\www\pro\Tpcore\#CORE#\Library\Think\Template.class.php 第 188 行.
NOTIC: [8192] preg_replace(): The /e modifier is deprecated, use preg_replace_callback instead D:\WampServer2\www\pro\Tpcore\#CORE#\Library\Think\Template.class.php 第 188 行.
NOTIC: [8192] preg_replace(): The /e modifier is deprecated, use preg_replace_callback instead D:\WampServer2\www\pro\Tpcore\#CORE#\Library\Think\Template.class.php 第 188 行.
NOTIC: [8192] preg_replace(): The /e modifier is deprecated, use preg_replace_callback instead D:\WampServer2\www\pro\Tpcore\#CORE#\Library\Think\Template.class.php 第 188 行.
NOTIC: [8192] preg_replace(): The /e modifier is deprecated, use preg_replace_callback instead D:\WampServer2\www\pro\Tpcore\#CORE#\Library\Think\Template.class.php 第 188 行.
INFO: [ template_filter ] --START--
INFO: Run Behavior\ContentReplaceBehavior [ RunTime:0.000286s ]
INFO: [ template_filter ] --END-- [ RunTime:0.000450s ]
NOTIC: [8] Undefined variable: keyword D:\WampServer2\www\pro\WEBSITE\#CACHE#\Cache\Home\6542ee7a01beb447d60b9332de9118dd.php 第 36 行.
INFO: Run Behavior\ParseTemplateBehavior [ RunTime:0.047663s ]
INFO: [ view_parse ] --END-- [ RunTime:0.047811s ]
INFO: [ view_filter ] --START--
INFO: Run Behavior\WriteHtmlCacheBehavior [ RunTime:0.001004s ]
INFO: [ view_filter ] --END-- [ RunTime:0.001105s ]
INFO: [ app_end ] --START--
INFO: Run Behavior\ShowPageTraceBehavior [ RunTime:0.001574s ]
INFO: [ app_end ] --END-- [ RunTime:0.001706s ]

[ 2015-10-13T15:48:51+08:00 ] ::1 /pro/public_html/index.php?m=Home&c=Index&a=index&versionid=2
INFO: [ app_init ] --START--
INFO: Run Behavior\BuildLiteBehavior [ RunTime:0.000026s ]
INFO: [ app_init ] --END-- [ RunTime:0.000645s ]
INFO: [ app_begin ] --START--
INFO: Run Behavior\ReadHtmlCacheBehavior [ RunTime:0.002226s ]
INFO: [ app_begin ] --END-- [ RunTime:0.002378s ]
SQL: SHOW COLUMNS FROM `sk_category` [ RunTime:0.0042s ]
SQL: SELECT sk_category.id,`catename` FROM `sk_category` WHERE `pid` = 0 AND `versionid` = 2 ORDER BY id,sort asc  [ RunTime:0.0003s ]
SQL: SELECT * FROM `sk_category` WHERE `pid` = 26 AND `versionid` = 2 ORDER BY sort asc  [ RunTime:0.0003s ]
SQL: SELECT * FROM `sk_category` WHERE `pid` = 27 AND `versionid` = 2 ORDER BY sort asc  [ RunTime:0.0003s ]
SQL: SELECT * FROM `sk_category` WHERE `pid` = 28 AND `versionid` = 2 ORDER BY sort asc  [ RunTime:0.0003s ]
SQL: SELECT * FROM `sk_category` WHERE `pid` = 29 AND `versionid` = 2 ORDER BY sort asc  [ RunTime:0.0003s ]
SQL: SELECT * FROM `sk_category` WHERE `pid` = 30 AND `versionid` = 2 ORDER BY sort asc  [ RunTime:0.0003s ]
SQL: SELECT * FROM `sk_category` WHERE `pid` = 31 AND `versionid` = 2 ORDER BY sort asc  [ RunTime:0.0003s ]
SQL: SELECT * FROM `sk_category` WHERE `pid` = 32 AND `versionid` = 2 ORDER BY sort asc  [ RunTime:0.0003s ]
SQL: SELECT * FROM `sk_category` WHERE `pid` = 33 AND `versionid` = 2 ORDER BY sort asc  [ RunTime:0.0003s ]
SQL: SELECT * FROM `sk_category` WHERE `pid` = 34 AND `versionid` = 2 ORDER BY sort asc  [ RunTime:0.0003s ]
SQL: SHOW COLUMNS FROM `sk_config` [ RunTime:0.0048s ]
SQL: SELECT `fieldvalue` FROM `sk_config` WHERE `title` = '网站关键字' AND `fieldname` = 'keyword' AND `versionid` = 2 LIMIT 1   [ RunTime:0.0003s ]
SQL: SELECT `fieldvalue` FROM `sk_config` WHERE `title` = '网站描述' AND `fieldname` = 'des' AND `versionid` = 2 LIMIT 1   [ RunTime:0.0002s ]
SQL: SHOW COLUMNS FROM `sk_pics` [ RunTime:0.0050s ]
SQL: SELECT * FROM `sk_pics` WHERE `title` LIKE '%logo%' AND `status` = 1 AND `versionid` = 2 ORDER BY id desc LIMIT 1   [ RunTime:0.0004s ]
SQL: SHOW COLUMNS FROM `sk_shuffling` [ RunTime:0.0040s ]
SQL: SELECT * FROM `sk_shuffling` WHERE `status` = 1 AND `versionid` = 2 ORDER BY createtime desc LIMIT 4   [ RunTime:0.0004s ]
SQL: SELECT * FROM `sk_pics` WHERE `versionid` = 2 AND `status` = 1 AND `title` LIKE '%静%' ORDER BY id desc LIMIT 9   [ RunTime:0.0005s ]
NOTIC: [8] Undefined index: pid D:\WampServer2\www\pro\WEBSITE\#WEB#\Home\Controller\CommonController.class.php 第 109 行.
SQL: SELECT * FROM `sk_category` WHERE ( id=26 ) LIMIT 1   [ RunTime:0.0003s ]
SQL: SELECT * FROM `sk_category` WHERE ( pid=26 ) LIMIT 1   [ RunTime:0.0003s ]
SQL: SHOW COLUMNS FROM `sk_article` [ RunTime:0.0039s ]
SQL: SELECT * FROM `sk_article` WHERE ( cateid=35 ) ORDER BY sort desc LIMIT 1   [ RunTime:0.0006s ]
SQL: SELECT `catename` FROM `sk_category` WHERE ( id=32 )  [ RunTime:0.0003s ]
SQL: SELECT * FROM `sk_article` WHERE `status` = 1 AND `cateid` = 47 ORDER BY id desc,istop desc LIMIT 4   [ RunTime:0.0006s ]
SQL: SELECT `catename` FROM `sk_category` WHERE `id` = 41 AND `versionid` = 2  [ RunTime:0.0003s ]
SQL: SELECT * FROM `sk_article` WHERE `status` = 1 AND `versionid` = 2 AND `cateid` = 41 ORDER BY id desc,istop desc LIMIT 4   [ RunTime:0.0006s ]
SQL: SELECT `catename` FROM `sk_category` WHERE `id` = 33 AND `versionid` = 2 LIMIT 1   [ RunTime:0.0003s ]
SQL: SELECT * FROM `sk_article` WHERE `cateid` = 48 AND `status` = 1 AND `versionid` = 2 ORDER BY id desc,istop desc LIMIT 6   [ RunTime:0.0006s ]
SQL: SELECT `catename` FROM `sk_category` WHERE `id` = 27 AND `versionid` = 2 LIMIT 1   [ RunTime:0.0004s ]
SQL: SELECT * FROM `sk_article` WHERE `cateid` = 38 AND `status` = 1 AND `versionid` = 2 ORDER BY id desc,istop desc LIMIT 6   [ RunTime:0.0009s ]
SQL: SELECT `catename` FROM `sk_category` WHERE `id` = 30 AND `versionid` = 2 LIMIT 1   [ RunTime:0.0002s ]
SQL: SELECT * FROM `sk_article` WHERE `cateid` = 44 AND `status` = 1 AND `versionid` = 2 ORDER BY id desc,istop desc LIMIT 6   [ RunTime:0.0005s ]
INFO: [ view_parse ] --START--
NOTIC: [8192] preg_replace(): The /e modifier is deprecated, use preg_replace_callback instead D:\WampServer2\www\pro\Tpcore\#CORE#\Library\Think\Template.class.php 第 188 行.
NOTIC: [8192] preg_replace(): The /e modifier is deprecated, use preg_replace_callback instead D:\WampServer2\www\pro\Tpcore\#CORE#\Library\Think\Template.class.php 第 188 行.
NOTIC: [8192] preg_replace(): The /e modifier is deprecated, use preg_replace_callback instead D:\WampServer2\www\pro\Tpcore\#CORE#\Library\Think\Template.class.php 第 188 行.
NOTIC: [8192] preg_replace(): The /e modifier is deprecated, use preg_replace_callback instead D:\WampServer2\www\pro\Tpcore\#CORE#\Library\Think\Template.class.php 第 188 行.
NOTIC: [8192] preg_replace(): The /e modifier is deprecated, use preg_replace_callback instead D:\WampServer2\www\pro\Tpcore\#CORE#\Library\Think\Template.class.php 第 188 行.
NOTIC: [8192] preg_replace(): The /e modifier is deprecated, use preg_replace_callback instead D:\WampServer2\www\pro\Tpcore\#CORE#\Library\Think\Template.class.php 第 188 行.
NOTIC: [8192] preg_replace(): The /e modifier is deprecated, use preg_replace_callback instead D:\WampServer2\www\pro\Tpcore\#CORE#\Library\Think\Template.class.php 第 188 行.
NOTIC: [8192] preg_replace(): The /e modifier is deprecated, use preg_replace_callback instead D:\WampServer2\www\pro\Tpcore\#CORE#\Library\Think\Template.class.php 第 188 行.
NOTIC: [8192] preg_replace(): The /e modifier is deprecated, use preg_replace_callback instead D:\WampServer2\www\pro\Tpcore\#CORE#\Library\Think\Template.class.php 第 188 行.
NOTIC: [8192] preg_replace(): The /e modifier is deprecated, use preg_replace_callback instead D:\WampServer2\www\pro\Tpcore\#CORE#\Library\Think\Template.class.php 第 188 行.
NOTIC: [8192] preg_replace(): The /e modifier is deprecated, use preg_replace_callback instead D:\WampServer2\www\pro\Tpcore\#CORE#\Library\Think\Template.class.php 第 188 行.
NOTIC: [8192] preg_replace(): The /e modifier is deprecated, use preg_replace_callback instead D:\WampServer2\www\pro\Tpcore\#CORE#\Library\Think\Template.class.php 第 188 行.
INFO: [ template_filter ] --START--
INFO: Run Behavior\ContentReplaceBehavior [ RunTime:0.000217s ]
INFO: [ template_filter ] --END-- [ RunTime:0.000346s ]
NOTIC: [8] Undefined variable: keyword D:\WampServer2\www\pro\WEBSITE\#CACHE#\Cache\Home\6542ee7a01beb447d60b9332de9118dd.php 第 36 行.
INFO: Run Behavior\ParseTemplateBehavior [ RunTime:0.047099s ]
INFO: [ view_parse ] --END-- [ RunTime:0.047238s ]
INFO: [ view_filter ] --START--
INFO: Run Behavior\WriteHtmlCacheBehavior [ RunTime:0.001265s ]
INFO: [ view_filter ] --END-- [ RunTime:0.001394s ]
INFO: [ app_end ] --START--
INFO: Run Behavior\ShowPageTraceBehavior [ RunTime:0.002003s ]
INFO: [ app_end ] --END-- [ RunTime:0.002156s ]

[ 2015-10-13T15:48:53+08:00 ] ::1 /pro/public_html/index.php?m=Home&c=Index&a=index&versionid=1
INFO: [ app_init ] --START--
INFO: Run Behavior\BuildLiteBehavior [ RunTime:0.000027s ]
INFO: [ app_init ] --END-- [ RunTime:0.000680s ]
INFO: [ app_begin ] --START--
INFO: Run Behavior\ReadHtmlCacheBehavior [ RunTime:0.001138s ]
INFO: [ app_begin ] --END-- [ RunTime:0.001282s ]
SQL: SHOW COLUMNS FROM `sk_category` [ RunTime:0.0061s ]
SQL: SELECT sk_category.id,`catename` FROM `sk_category` WHERE `pid` = 0 AND `versionid` = 1 ORDER BY id,sort asc  [ RunTime:0.0003s ]
SQL: SELECT * FROM `sk_category` WHERE `pid` = 1 AND `versionid` = 1 ORDER BY sort asc  [ RunTime:0.0003s ]
SQL: SELECT * FROM `sk_category` WHERE `pid` = 2 AND `versionid` = 1 ORDER BY sort asc  [ RunTime:0.0003s ]
SQL: SELECT * FROM `sk_category` WHERE `pid` = 3 AND `versionid` = 1 ORDER BY sort asc  [ RunTime:0.0003s ]
SQL: SELECT * FROM `sk_category` WHERE `pid` = 4 AND `versionid` = 1 ORDER BY sort asc  [ RunTime:0.0003s ]
SQL: SELECT * FROM `sk_category` WHERE `pid` = 5 AND `versionid` = 1 ORDER BY sort asc  [ RunTime:0.0003s ]
SQL: SELECT * FROM `sk_category` WHERE `pid` = 6 AND `versionid` = 1 ORDER BY sort asc  [ RunTime:0.0003s ]
SQL: SELECT * FROM `sk_category` WHERE `pid` = 7 AND `versionid` = 1 ORDER BY sort asc  [ RunTime:0.0003s ]
SQL: SELECT * FROM `sk_category` WHERE `pid` = 8 AND `versionid` = 1 ORDER BY sort asc  [ RunTime:0.0004s ]
SQL: SELECT * FROM `sk_category` WHERE `pid` = 9 AND `versionid` = 1 ORDER BY sort asc  [ RunTime:0.0004s ]
SQL: SHOW COLUMNS FROM `sk_config` [ RunTime:0.0045s ]
SQL: SELECT `fieldvalue` FROM `sk_config` WHERE `title` = '网站关键字' AND `fieldname` = 'keyword' AND `versionid` = 1 LIMIT 1   [ RunTime:0.0003s ]
SQL: SELECT `fieldvalue` FROM `sk_config` WHERE `title` = '网站描述' AND `fieldname` = 'des' AND `versionid` = 1 LIMIT 1   [ RunTime:0.0003s ]
SQL: SHOW COLUMNS FROM `sk_pics` [ RunTime:0.0043s ]
SQL: SELECT * FROM `sk_pics` WHERE `title` LIKE '%logo%' AND `status` = 1 AND `versionid` = 1 ORDER BY id desc LIMIT 1   [ RunTime:0.0005s ]
SQL: SHOW COLUMNS FROM `sk_shuffling` [ RunTime:0.0040s ]
SQL: SELECT * FROM `sk_shuffling` WHERE `status` = 1 AND `versionid` = 1 ORDER BY createtime desc LIMIT 4   [ RunTime:0.0003s ]
SQL: SELECT * FROM `sk_pics` WHERE `versionid` = 1 AND `status` = 1 AND `title` LIKE '%静%' ORDER BY id desc LIMIT 9   [ RunTime:0.0003s ]
NOTIC: [8] Undefined index: pid D:\WampServer2\www\pro\WEBSITE\#WEB#\Home\Controller\CommonController.class.php 第 109 行.
SQL: SELECT * FROM `sk_category` WHERE ( id=1 ) LIMIT 1   [ RunTime:0.0002s ]
SQL: SELECT * FROM `sk_category` WHERE ( pid=1 ) LIMIT 1   [ RunTime:0.0002s ]
SQL: SHOW COLUMNS FROM `sk_article` [ RunTime:0.0047s ]
SQL: SELECT * FROM `sk_article` WHERE ( cateid=10 ) ORDER BY sort desc LIMIT 1   [ RunTime:0.0006s ]
SQL: SELECT `catename` FROM `sk_category` WHERE ( id=7 )  [ RunTime:0.0003s ]
SQL: SELECT * FROM `sk_article` WHERE `status` = 1 AND `cateid` = 22 ORDER BY id desc,istop desc LIMIT 4   [ RunTime:0.0006s ]
SQL: SELECT `catename` FROM `sk_category` WHERE `id` = 16 AND `versionid` = 1  [ RunTime:0.0002s ]
SQL: SELECT * FROM `sk_article` WHERE `status` = 1 AND `versionid` = 1 AND `cateid` = 16 ORDER BY id desc,istop desc LIMIT 4   [ RunTime:0.0005s ]
SQL: SELECT `catename` FROM `sk_category` WHERE `id` = 8 AND `versionid` = 1 LIMIT 1   [ RunTime:0.0002s ]
SQL: SELECT * FROM `sk_article` WHERE `cateid` = 23 AND `status` = 1 AND `versionid` = 1 ORDER BY id desc,istop desc LIMIT 6   [ RunTime:0.0005s ]
SQL: SELECT `catename` FROM `sk_category` WHERE `id` = 2 AND `versionid` = 1 LIMIT 1   [ RunTime:0.0003s ]
SQL: SELECT * FROM `sk_article` WHERE `cateid` = 13 AND `status` = 1 AND `versionid` = 1 ORDER BY id desc,istop desc LIMIT 6   [ RunTime:0.0006s ]
SQL: SELECT `catename` FROM `sk_category` WHERE `id` = 5 AND `versionid` = 1 LIMIT 1   [ RunTime:0.0003s ]
SQL: SELECT * FROM `sk_article` WHERE `cateid` = 19 AND `status` = 1 AND `versionid` = 1 ORDER BY id desc,istop desc LIMIT 6   [ RunTime:0.0006s ]
INFO: [ view_parse ] --START--
NOTIC: [8192] preg_replace(): The /e modifier is deprecated, use preg_replace_callback instead D:\WampServer2\www\pro\Tpcore\#CORE#\Library\Think\Template.class.php 第 188 行.
NOTIC: [8192] preg_replace(): The /e modifier is deprecated, use preg_replace_callback instead D:\WampServer2\www\pro\Tpcore\#CORE#\Library\Think\Template.class.php 第 188 行.
NOTIC: [8192] preg_replace(): The /e modifier is deprecated, use preg_replace_callback instead D:\WampServer2\www\pro\Tpcore\#CORE#\Library\Think\Template.class.php 第 188 行.
NOTIC: [8192] preg_replace(): The /e modifier is deprecated, use preg_replace_callback instead D:\WampServer2\www\pro\Tpcore\#CORE#\Library\Think\Template.class.php 第 188 行.
NOTIC: [8192] preg_replace(): The /e modifier is deprecated, use preg_replace_callback instead D:\WampServer2\www\pro\Tpcore\#CORE#\Library\Think\Template.class.php 第 188 行.
NOTIC: [8192] preg_replace(): The /e modifier is deprecated, use preg_replace_callback instead D:\WampServer2\www\pro\Tpcore\#CORE#\Library\Think\Template.class.php 第 188 行.
NOTIC: [8192] preg_replace(): The /e modifier is deprecated, use preg_replace_callback instead D:\WampServer2\www\pro\Tpcore\#CORE#\Library\Think\Template.class.php 第 188 行.
NOTIC: [8192] preg_replace(): The /e modifier is deprecated, use preg_replace_callback instead D:\WampServer2\www\pro\Tpcore\#CORE#\Library\Think\Template.class.php 第 188 行.
NOTIC: [8192] preg_replace(): The /e modifier is deprecated, use preg_replace_callback instead D:\WampServer2\www\pro\Tpcore\#CORE#\Library\Think\Template.class.php 第 188 行.
NOTIC: [8192] preg_replace(): The /e modifier is deprecated, use preg_replace_callback instead D:\WampServer2\www\pro\Tpcore\#CORE#\Library\Think\Template.class.php 第 188 行.
NOTIC: [8192] preg_replace(): The /e modifier is deprecated, use preg_replace_callback instead D:\WampServer2\www\pro\Tpcore\#CORE#\Library\Think\Template.class.php 第 188 行.
NOTIC: [8192] preg_replace(): The /e modifier is deprecated, use preg_replace_callback instead D:\WampServer2\www\pro\Tpcore\#CORE#\Library\Think\Template.class.php 第 188 行.
INFO: [ template_filter ] --START--
INFO: Run Behavior\ContentReplaceBehavior [ RunTime:0.000185s ]
INFO: [ template_filter ] --END-- [ RunTime:0.000293s ]
NOTIC: [8] Undefined variable: keyword D:\WampServer2\www\pro\WEBSITE\#CACHE#\Cache\Home\6542ee7a01beb447d60b9332de9118dd.php 第 36 行.
INFO: Run Behavior\ParseTemplateBehavior [ RunTime:0.046963s ]
INFO: [ view_parse ] --END-- [ RunTime:0.047117s ]
INFO: [ view_filter ] --START--
INFO: Run Behavior\WriteHtmlCacheBehavior [ RunTime:0.000996s ]
INFO: [ view_filter ] --END-- [ RunTime:0.001102s ]
INFO: [ app_end ] --START--
INFO: Run Behavior\ShowPageTraceBehavior [ RunTime:0.001315s ]
INFO: [ app_end ] --END-- [ RunTime:0.001445s ]

[ 2015-10-13T15:48:55+08:00 ] ::1 /pro/public_html/index.php?m=Home&c=Index&a=index&versionid=2
INFO: [ app_init ] --START--
INFO: Run Behavior\BuildLiteBehavior [ RunTime:0.000025s ]
INFO: [ app_init ] --END-- [ RunTime:0.000625s ]
INFO: [ app_begin ] --START--
INFO: Run Behavior\ReadHtmlCacheBehavior [ RunTime:0.001530s ]
INFO: [ app_begin ] --END-- [ RunTime:0.001680s ]
SQL: SHOW COLUMNS FROM `sk_category` [ RunTime:0.0044s ]
SQL: SELECT sk_category.id,`catename` FROM `sk_category` WHERE `pid` = 0 AND `versionid` = 2 ORDER BY id,sort asc  [ RunTime:0.0004s ]
SQL: SELECT * FROM `sk_category` WHERE `pid` = 26 AND `versionid` = 2 ORDER BY sort asc  [ RunTime:0.0003s ]
SQL: SELECT * FROM `sk_category` WHERE `pid` = 27 AND `versionid` = 2 ORDER BY sort asc  [ RunTime:0.0002s ]
SQL: SELECT * FROM `sk_category` WHERE `pid` = 28 AND `versionid` = 2 ORDER BY sort asc  [ RunTime:0.0003s ]
SQL: SELECT * FROM `sk_category` WHERE `pid` = 29 AND `versionid` = 2 ORDER BY sort asc  [ RunTime:0.0003s ]
SQL: SELECT * FROM `sk_category` WHERE `pid` = 30 AND `versionid` = 2 ORDER BY sort asc  [ RunTime:0.0003s ]
SQL: SELECT * FROM `sk_category` WHERE `pid` = 31 AND `versionid` = 2 ORDER BY sort asc  [ RunTime:0.0003s ]
SQL: SELECT * FROM `sk_category` WHERE `pid` = 32 AND `versionid` = 2 ORDER BY sort asc  [ RunTime:0.0003s ]
SQL: SELECT * FROM `sk_category` WHERE `pid` = 33 AND `versionid` = 2 ORDER BY sort asc  [ RunTime:0.0003s ]
SQL: SELECT * FROM `sk_category` WHERE `pid` = 34 AND `versionid` = 2 ORDER BY sort asc  [ RunTime:0.0003s ]
SQL: SHOW COLUMNS FROM `sk_config` [ RunTime:0.0039s ]
SQL: SELECT `fieldvalue` FROM `sk_config` WHERE `title` = '网站关键字' AND `fieldname` = 'keyword' AND `versionid` = 2 LIMIT 1   [ RunTime:0.0003s ]
SQL: SELECT `fieldvalue` FROM `sk_config` WHERE `title` = '网站描述' AND `fieldname` = 'des' AND `versionid` = 2 LIMIT 1   [ RunTime:0.0002s ]
SQL: SHOW COLUMNS FROM `sk_pics` [ RunTime:0.0052s ]
SQL: SELECT * FROM `sk_pics` WHERE `title` LIKE '%logo%' AND `status` = 1 AND `versionid` = 2 ORDER BY id desc LIMIT 1   [ RunTime:0.0004s ]
SQL: SHOW COLUMNS FROM `sk_shuffling` [ RunTime:0.0036s ]
SQL: SELECT * FROM `sk_shuffling` WHERE `status` = 1 AND `versionid` = 2 ORDER BY createtime desc LIMIT 4   [ RunTime:0.0004s ]
SQL: SELECT * FROM `sk_pics` WHERE `versionid` = 2 AND `status` = 1 AND `title` LIKE '%静%' ORDER BY id desc LIMIT 9   [ RunTime:0.0004s ]
NOTIC: [8] Undefined index: pid D:\WampServer2\www\pro\WEBSITE\#WEB#\Home\Controller\CommonController.class.php 第 109 行.
SQL: SELECT * FROM `sk_category` WHERE ( id=26 ) LIMIT 1   [ RunTime:0.0002s ]
SQL: SELECT * FROM `sk_category` WHERE ( pid=26 ) LIMIT 1   [ RunTime:0.0002s ]
SQL: SHOW COLUMNS FROM `sk_article` [ RunTime:0.0039s ]
SQL: SELECT * FROM `sk_article` WHERE ( cateid=35 ) ORDER BY sort desc LIMIT 1   [ RunTime:0.0005s ]
SQL: SELECT `catename` FROM `sk_category` WHERE ( id=32 )  [ RunTime:0.0003s ]
SQL: SELECT * FROM `sk_article` WHERE `status` = 1 AND `cateid` = 47 ORDER BY id desc,istop desc LIMIT 4   [ RunTime:0.0005s ]
SQL: SELECT `catename` FROM `sk_category` WHERE `id` = 41 AND `versionid` = 2  [ RunTime:0.0002s ]
SQL: SELECT * FROM `sk_article` WHERE `status` = 1 AND `versionid` = 2 AND `cateid` = 41 ORDER BY id desc,istop desc LIMIT 4   [ RunTime:0.0006s ]
SQL: SELECT `catename` FROM `sk_category` WHERE `id` = 33 AND `versionid` = 2 LIMIT 1   [ RunTime:0.0003s ]
SQL: SELECT * FROM `sk_article` WHERE `cateid` = 48 AND `status` = 1 AND `versionid` = 2 ORDER BY id desc,istop desc LIMIT 6   [ RunTime:0.0006s ]
SQL: SELECT `catename` FROM `sk_category` WHERE `id` = 27 AND `versionid` = 2 LIMIT 1   [ RunTime:0.0002s ]
SQL: SELECT * FROM `sk_article` WHERE `cateid` = 38 AND `status` = 1 AND `versionid` = 2 ORDER BY id desc,istop desc LIMIT 6   [ RunTime:0.0007s ]
SQL: SELECT `catename` FROM `sk_category` WHERE `id` = 30 AND `versionid` = 2 LIMIT 1   [ RunTime:0.0003s ]
SQL: SELECT * FROM `sk_article` WHERE `cateid` = 44 AND `status` = 1 AND `versionid` = 2 ORDER BY id desc,istop desc LIMIT 6   [ RunTime:0.0007s ]
INFO: [ view_parse ] --START--
NOTIC: [8192] preg_replace(): The /e modifier is deprecated, use preg_replace_callback instead D:\WampServer2\www\pro\Tpcore\#CORE#\Library\Think\Template.class.php 第 188 行.
NOTIC: [8192] preg_replace(): The /e modifier is deprecated, use preg_replace_callback instead D:\WampServer2\www\pro\Tpcore\#CORE#\Library\Think\Template.class.php 第 188 行.
NOTIC: [8192] preg_replace(): The /e modifier is deprecated, use preg_replace_callback instead D:\WampServer2\www\pro\Tpcore\#CORE#\Library\Think\Template.class.php 第 188 行.
NOTIC: [8192] preg_replace(): The /e modifier is deprecated, use preg_replace_callback instead D:\WampServer2\www\pro\Tpcore\#CORE#\Library\Think\Template.class.php 第 188 行.
NOTIC: [8192] preg_replace(): The /e modifier is deprecated, use preg_replace_callback instead D:\WampServer2\www\pro\Tpcore\#CORE#\Library\Think\Template.class.php 第 188 行.
NOTIC: [8192] preg_replace(): The /e modifier is deprecated, use preg_replace_callback instead D:\WampServer2\www\pro\Tpcore\#CORE#\Library\Think\Template.class.php 第 188 行.
NOTIC: [8192] preg_replace(): The /e modifier is deprecated, use preg_replace_callback instead D:\WampServer2\www\pro\Tpcore\#CORE#\Library\Think\Template.class.php 第 188 行.
NOTIC: [8192] preg_replace(): The /e modifier is deprecated, use preg_replace_callback instead D:\WampServer2\www\pro\Tpcore\#CORE#\Library\Think\Template.class.php 第 188 行.
NOTIC: [8192] preg_replace(): The /e modifier is deprecated, use preg_replace_callback instead D:\WampServer2\www\pro\Tpcore\#CORE#\Library\Think\Template.class.php 第 188 行.
NOTIC: [8192] preg_replace(): The /e modifier is deprecated, use preg_replace_callback instead D:\WampServer2\www\pro\Tpcore\#CORE#\Library\Think\Template.class.php 第 188 行.
NOTIC: [8192] preg_replace(): The /e modifier is deprecated, use preg_replace_callback instead D:\WampServer2\www\pro\Tpcore\#CORE#\Library\Think\Template.class.php 第 188 行.
NOTIC: [8192] preg_replace(): The /e modifier is deprecated, use preg_replace_callback instead D:\WampServer2\www\pro\Tpcore\#CORE#\Library\Think\Template.class.php 第 188 行.
INFO: [ template_filter ] --START--
INFO: Run Behavior\ContentReplaceBehavior [ RunTime:0.000185s ]
INFO: [ template_filter ] --END-- [ RunTime:0.000295s ]
NOTIC: [8] Undefined variable: keyword D:\WampServer2\www\pro\WEBSITE\#CACHE#\Cache\Home\6542ee7a01beb447d60b9332de9118dd.php 第 36 行.
INFO: Run Behavior\ParseTemplateBehavior [ RunTime:0.046621s ]
INFO: [ view_parse ] --END-- [ RunTime:0.046751s ]
INFO: [ view_filter ] --START--
INFO: Run Behavior\WriteHtmlCacheBehavior [ RunTime:0.001097s ]
INFO: [ view_filter ] --END-- [ RunTime:0.001213s ]
INFO: [ app_end ] --START--
INFO: Run Behavior\ShowPageTraceBehavior [ RunTime:0.001453s ]
INFO: [ app_end ] --END-- [ RunTime:0.001584s ]

